
Showing logs for build [32mcb-kubecd-bdd-gh-1568384758-pr-1[0m stage [32mmeta-pipeline[0m and container [32mstep-credential-initializer-7nl4c[0m
{"level":"warn","ts":1568385049.832239,"logger":"fallback-logger","caller":"logging/config.go:69","msg":"Fetch GitHub commit ID from kodata failed: \"ref: refs/heads/master\" is not a valid GitHub commit ID"}
{"level":"info","ts":1568385049.8328407,"logger":"fallback-logger","caller":"creds-init/main.go:40","msg":"Credentials initialized."}

Showing logs for build [32mcb-kubecd-bdd-gh-1568384758-pr-1[0m stage [32mmeta-pipeline[0m and container [32mstep-working-dir-initializer-28mhp[0m
{"level":"warn","ts":1568385050.8241642,"logger":"fallback-logger","caller":"logging/config.go:69","msg":"Fetch GitHub commit ID from kodata failed: open /var/run/ko/HEAD: no such file or directory"}
{"level":"info","ts":1568385050.825845,"logger":"fallback-logger","caller":"bash/main.go:65","msg":"Successfully executed command \"mkdir -p /workspace/source\""}

Showing logs for build [32mcb-kubecd-bdd-gh-1568384758-pr-1[0m stage [32mmeta-pipeline[0m and container [32mstep-place-tools[0m

Showing logs for build [32mcb-kubecd-bdd-gh-1568384758-pr-1[0m stage [32mmeta-pipeline[0m and container [32mstep-git-source-meta-cb-kubecd-bdd-gh-156838475-n54b5[0m
{"level":"warn","ts":1568385071.8323114,"logger":"fallback-logger","caller":"logging/config.go:69","msg":"Fetch GitHub commit ID from kodata failed: \"ref: refs/heads/master\" is not a valid GitHub commit ID"}
{"level":"info","ts":1568385072.9011507,"logger":"fallback-logger","caller":"git/git.go:102","msg":"Successfully cloned https://github.com/cb-kubecd/bdd-gh-1568384758.git @ 5ad5c444f365108057fa3c5fe2e937a9a0c2d53c in path /workspace/source"}

Showing logs for build [32mcb-kubecd-bdd-gh-1568384758-pr-1[0m stage [32mmeta-pipeline[0m and container [32mstep-git-merge[0m
Using SHAs from PULL_REFS=master:5ad5c444f365108057fa3c5fe2e937a9a0c2d53c,1:e3be470e90b396be698b4a5edce7bdf3b46947cd
DEBUG: ran git fetch --unshallow origin e3be470e90b396be698b4a5edce7bdf3b46947cd: 5ad5c444f365108057fa3c5fe2e937a9a0c2d53c: in 
DEBUG: ran git checkout master in 
DEBUG: ran git reset --hard 5ad5c444f365108057fa3c5fe2e937a9a0c2d53c in 
DEBUG: ran clean --force -d . in 
DEBUG: ran git merge e3be470e90b396be698b4a5edce7bdf3b46947cd in 
Merged SHA e3be470e90b396be698b4a5edce7bdf3b46947cd with commit message 'My first PR commit' into base branch master

Showing logs for build [32mcb-kubecd-bdd-gh-1568384758-pr-1[0m stage [32mmeta-pipeline[0m and container [32mstep-merge-pull-refs[0m
DEBUG: ran git fetch origin e3be470e90b396be698b4a5edce7bdf3b46947cd: 5ad5c444f365108057fa3c5fe2e937a9a0c2d53c: in 
DEBUG: Unshallowed git repo in 
DEBUG: ran git checkout master in 
DEBUG: ran git reset --hard 5ad5c444f365108057fa3c5fe2e937a9a0c2d53c in 
DEBUG: ran clean --force -d . in 
DEBUG: ran git merge e3be470e90b396be698b4a5edce7bdf3b46947cd in 
Merged SHA e3be470e90b396be698b4a5edce7bdf3b46947cd with commit message 'My first PR commit' into base branch master

Showing logs for build [32mcb-kubecd-bdd-gh-1568384758-pr-1[0m stage [32mmeta-pipeline[0m and container [32mstep-create-effective-pipeline[0m
Deleting and cloning the Jenkins X versions repo
Cloning the Jenkins X versions repo https://github.com/jenkins-x/jenkins-x-versions.git with ref refs/heads/master to /builder/home/.**/jenkins-x-versions
Effective pipeline written to jenkins-x-serverless-jenkins-effective.yml

Showing logs for build [32mcb-kubecd-bdd-gh-1568384758-pr-1[0m stage [32mmeta-pipeline[0m and container [32mstep-create-tekton-crds[0m
PipelineActivity for cb-kubecd-bdd-gh-1568384758-PR-1-1
Applying changes 
upserted PipelineResource cb-kubecd-bdd-gh-1568384758-pr for the git repository https://github.com/cb-kubecd/bdd-gh-1568384758.git
upserted Task cb-kubecd-bdd-gh-1568384758-pr-from-build-pack-1
upserted Pipeline cb-kubecd-bdd-gh-1568384758-pr-1
created PipelineRun cb-kubecd-bdd-gh-1568384758-pr-1
created PipelineStructure cb-kubecd-bdd-gh-1568384758-pr-1

Showing logs for build [32mcb-kubecd-bdd-gh-1568384758-pr-1[0m stage [32mfrom-build-pack[0m and container [32mstep-credential-initializer-p6tpc[0m
{"level":"warn","ts":1568385085.8343685,"logger":"fallback-logger","caller":"logging/config.go:69","msg":"Fetch GitHub commit ID from kodata failed: \"ref: refs/heads/master\" is not a valid GitHub commit ID"}
{"level":"info","ts":1568385085.8349404,"logger":"fallback-logger","caller":"creds-init/main.go:40","msg":"Credentials initialized."}

Showing logs for build [32mcb-kubecd-bdd-gh-1568384758-pr-1[0m stage [32mfrom-build-pack[0m and container [32mstep-working-dir-initializer-jtrkj[0m
{"level":"warn","ts":1568385086.8427124,"logger":"fallback-logger","caller":"logging/config.go:69","msg":"Fetch GitHub commit ID from kodata failed: open /var/run/ko/HEAD: no such file or directory"}
{"level":"info","ts":1568385086.8446116,"logger":"fallback-logger","caller":"bash/main.go:65","msg":"Successfully executed command \"mkdir -p /workspace/source /workspace/source/charts/preview\""}

Showing logs for build [32mcb-kubecd-bdd-gh-1568384758-pr-1[0m stage [32mfrom-build-pack[0m and container [32mstep-place-tools[0m

Showing logs for build [32mcb-kubecd-bdd-gh-1568384758-pr-1[0m stage [32mfrom-build-pack[0m and container [32mstep-git-source-cb-kubecd-bdd-gh-1568384758-pr-n9brs[0m
{"level":"warn","ts":1568385156.6021173,"logger":"fallback-logger","caller":"logging/config.go:69","msg":"Fetch GitHub commit ID from kodata failed: \"ref: refs/heads/master\" is not a valid GitHub commit ID"}
{"level":"info","ts":1568385158.282606,"logger":"fallback-logger","caller":"git/git.go:102","msg":"Successfully cloned https://github.com/cb-kubecd/bdd-gh-1568384758.git @ master in path /workspace/source"}

Showing logs for build [32mcb-kubecd-bdd-gh-1568384758-pr-1[0m stage [32mfrom-build-pack[0m and container [32mstep-git-merge[0m
Using SHAs from PULL_REFS=master:5ad5c444f365108057fa3c5fe2e937a9a0c2d53c,1:e3be470e90b396be698b4a5edce7bdf3b46947cd
DEBUG: ran git fetch --unshallow origin e3be470e90b396be698b4a5edce7bdf3b46947cd: 5ad5c444f365108057fa3c5fe2e937a9a0c2d53c: in 
DEBUG: ran git checkout master in 
DEBUG: ran git reset --hard 5ad5c444f365108057fa3c5fe2e937a9a0c2d53c in 
DEBUG: ran clean --force -d . in 
DEBUG: ran git merge e3be470e90b396be698b4a5edce7bdf3b46947cd in 
Merged SHA e3be470e90b396be698b4a5edce7bdf3b46947cd with commit message 'My first PR commit' into base branch master

Showing logs for build [32mcb-kubecd-bdd-gh-1568384758-pr-1[0m stage [32mfrom-build-pack[0m and container [32mstep-build-make-linux[0m
CGO_ENABLED=0 GOOS=linux GOARCH=amd64 GO15VENDOREXPERIMENT=1 go build -ldflags '' -o bin/bdd-gh-1568384758 main.go

Showing logs for build [32mcb-kubecd-bdd-gh-1568384758-pr-1[0m stage [32mfrom-build-pack[0m and container [32mstep-build-container-build[0m
[36mINFO[0m[0000] No base image, nothing to extract            
[36mINFO[0m[0000] cmd: EXPOSE                                  
[36mINFO[0m[0000] Adding exposed port: 8080/tcp                
[36mINFO[0m[0000] Using files from context: [/workspace/source/bin] 
[36mINFO[0m[0000] Skipping unpacking as no commands require it. 
[36mINFO[0m[0000] Taking snapshot of full filesystem...        
[36mINFO[0m[0000] EXPOSE 8080                                  
[36mINFO[0m[0000] cmd: EXPOSE                                  
[36mINFO[0m[0000] Adding exposed port: 8080/tcp                
[36mINFO[0m[0000] No files changed in this command, skipping snapshotting. 
[36mINFO[0m[0000] ENTRYPOINT ["/bdd-gh-1568384758"]            
[36mINFO[0m[0000] No files changed in this command, skipping snapshotting. 
[36mINFO[0m[0000] Using files from context: [/workspace/source/bin] 
[36mINFO[0m[0000] COPY ./bin/ /                                
[36mINFO[0m[0000] Taking snapshot of files...                  
2019/09/13 14:33:03 pushed blob: sha256:4ed5e9c82a7fb6a934908a1c63521b72f10da54fd0063796baf81b9439896c7f
2019/09/13 14:33:03 pushed blob: sha256:23fb8d47dad64733aa607799e2f8d85ffccd74caeae7cb26cfaed41402155941
2019/09/13 14:33:05 gcr.io/jenkins-x-bdd3/bdd-gh-1568384758:0.0.0-SNAPSHOT-PR-1-1: digest: sha256:2b639b59eab1e0cbd6a664dfb7d021e060b052a2954dfc6bea9b76793a3ae648 size: 428

Showing logs for build [32mcb-kubecd-bdd-gh-1568384758-pr-1[0m stage [32mfrom-build-pack[0m and container [32mstep-postbuild-post-build[0m
no CVE provider running in the current ** namespace so skip adding image to be analysed

Showing logs for build [32mcb-kubecd-bdd-gh-1568384758-pr-1[0m stage [32mfrom-build-pack[0m and container [32mstep-promote-make-preview[0m
sed -i -e "s/version:.*/version: 0.0.0-SNAPSHOT-PR-1-1/" Chart.yaml
sed -i -e "s/version:.*/version: 0.0.0-SNAPSHOT-PR-1-1/" ../*/Chart.yaml
sed -i -e "s|repository:.*|repository: gcr.io\/jenkins-x-bdd3\/bdd-gh-1568384758|" values.yaml
sed -i -e "s/tag:.*/tag: 0.0.0-SNAPSHOT-PR-1-1/" values.yaml
echo "  version: 0.0.0-SNAPSHOT-PR-1-1" >> requirements.yaml
** step helm build
WARNING: No $CHART_REPOSITORY defined so using the default value of: http://jenkins-x-chartmuseum:8080
Adding missing Helm repo: storage.googleapis.com https://storage.googleapis.com/chartmuseum.jenkins-x.io
Successfully added Helm repository storage.googleapis.com.
Adding missing Helm repo: jenkins-x-chartmuseum http://jenkins-x-chartmuseum:8080
Successfully added Helm repository jenkins-x-chartmuseum.
WARNING: No $CHART_REPOSITORY defined so using the default value of: http://jenkins-x-chartmuseum:8080
Adding missing Helm repo: chartmuseum.jenkins-x.io http://chartmuseum.jenkins-x.io
Successfully added Helm repository chartmuseum.jenkins-x.io.

Showing logs for build [32mcb-kubecd-bdd-gh-1568384758-pr-1[0m stage [32mfrom-build-pack[0m and container [32mstep-promote-jx-preview[0m
Creating a preview
WARNING: No author for commit: e3be470e90b396be698b4a5edce7bdf3b46947cd
Created environment cb-kubecd-bdd-gh-1568384758-pr-1
Namespace **-cb-kubecd-bdd-gh-1568384758-pr-1 created 
expose:
  Annotations:
    helm.sh/hook: post-install,post-upgrade
    helm.sh/hook-delete-policy: hook-succeeded
  config:
    domain: 34.77.43.233.nip.io
    exposer: Ingress
    http: "true"
preview:
  image:
    repository: gcr.io/jenkins-x-bdd3/bdd-gh-1568384758
    tag: 0.0.0-SNAPSHOT-PR-1-1
Deleting and cloning the Jenkins X versions repo
Cloning the Jenkins X versions repo https://github.com/jenkins-x/jenkins-x-versions.git with ref refs/heads/master to /builder/home/.**/jenkins-x-versions


Updating PipelineActivities cb-kubecd-bdd-gh-1568384758-pr-1-1 which has status Running
Preview application is now available at: http://bdd-gh-1568384758.**-cb-kubecd-bdd-gh-1568384758-pr-1.34.77.43.233.nip.io
